<?xml version="1.0" encoding="UTF-8"?>
<!-- Generated by org.testng.reporters.JUnitXMLReporter -->
<testsuite hostname="TK-IN-PC" ignored="3" name="Test" tests="2" failures="0" timestamp="2020-03-23T10:53:27 IST" time="0.414" errors="0">
  <testcase name="test1" time="0.063" classname="testNGTraining.GroupingExample"/>
  <testcase name="test2" time="0.006" classname="testNGTraining.GroupingExample"/>
  <testcase name="test3" time="0.0" classname="testNGTraining.GroupingExample">
    <ignored/>
  </testcase> <!-- test3 -->
  <testcase name="test4" time="0.0" classname="testNGTraining.GroupingExample">
    <ignored/>
  </testcase> <!-- test4 -->
  <testcase name="test5" time="0.0" classname="testNGTraining.GroupingExample">
    <ignored/>
  </testcase> <!-- test5 -->
</testsuite> <!-- Test -->
