<?xml version="1.0" encoding="UTF-8"?>
<testng-results skipped="0" failed="0" ignored="3" total="5" passed="2">
  <reporter-output>
  </reporter-output>
  <suite name="Suite" duration-ms="414" started-at="2020-03-23T10:53:27 IST" finished-at="2020-03-23T10:53:27 IST">
    <groups>
      <group name="sanity">
        <method signature="GroupingExample.test1()[pri:0, instance:testNGTraining.GroupingExample@5a8e6209]" name="test1" class="testNGTraining.GroupingExample"/>
        <method signature="GroupingExample.test2()[pri:0, instance:testNGTraining.GroupingExample@5a8e6209]" name="test2" class="testNGTraining.GroupingExample"/>
      </group> <!-- sanity -->
    </groups>
    <test name="Test" duration-ms="414" started-at="2020-03-23T10:53:27 IST" finished-at="2020-03-23T10:53:27 IST">
      <class name="testNGTraining.GroupingExample">
        <test-method status="PASS" signature="test1()[pri:0, instance:testNGTraining.GroupingExample@5a8e6209]" name="test1" duration-ms="63" started-at="2020-03-23T10:53:27 IST" finished-at="2020-03-23T10:53:27 IST">
          <reporter-output>
          </reporter-output>
        </test-method> <!-- test1 -->
        <test-method status="PASS" signature="test2()[pri:0, instance:testNGTraining.GroupingExample@5a8e6209]" name="test2" duration-ms="6" started-at="2020-03-23T10:53:27 IST" finished-at="2020-03-23T10:53:27 IST">
          <reporter-output>
          </reporter-output>
        </test-method> <!-- test2 -->
      </class> <!-- testNGTraining.GroupingExample -->
    </test> <!-- Test -->
  </suite> <!-- Suite -->
</testng-results>
